#-----------------------------------------------------------
# Vivado v2024.2 (64-bit)
# SW Build 5239630 on Fri Nov 08 22:35:27 MST 2024
# IP Build 5239520 on Sun Nov 10 16:12:51 MST 2024
# SharedData Build 5239561 on Fri Nov 08 14:39:27 MST 2024
# Start of session at: Thu Nov  6 18:01:52 2025
# Process ID         : 17276
# Current directory  : C:/Users/mugil/work/fpga/uart_tutorial_def/UART_controller-master
# Command line       : vivado.exe -gui_launcher_event rodinguilauncherevent20492 C:\Users\mugil\work\fpga\uart_tutorial_def\UART_controller-master\UART_controller.xpr
# Log file           : C:/Users/mugil/work/fpga/uart_tutorial_def/UART_controller-master/vivado.log
# Journal file       : C:/Users/mugil/work/fpga/uart_tutorial_def/UART_controller-master\vivado.jou
# Running On         : Junta_Sano
# Platform           : Windows Server 2016 or Windows 10
# Operating System   : 26100
# Processor Detail   : 12th Gen Intel(R) Core(TM) i5-12450H
# CPU Frequency      : 2496 MHz
# CPU Physical cores : 8
# CPU Logical cores  : 12
# Host memory        : 16857 MB
# Swap memory        : 1140 MB
# Total Virtual      : 17998 MB
# Available Virtual  : 6967 MB
#-----------------------------------------------------------
start_gui
open_project C:/Users/mugil/work/fpga/uart_tutorial_def/UART_controller-master/UART_controller.xpr
WARNING: [filemgmt 56-3] IP Repository Path: Could not find the directory 'C:/Users/mugil/work/fpga/uart_tutorial_def/cortex_m1/arm_ip/vivado/Arm_ipi_repository'.
INFO: [filemgmt 56-3] Default IP Output Path : Could not find the directory 'C:/Users/mugil/work/fpga/uart_tutorial_def/UART_controller-master/UART_controller.gen/sources_1'.
Scanning sources...
Finished scanning sources
INFO: [IP_Flow 19-234] Refreshing IP repositories
WARNING: [IP_Flow 19-2248] Failed to load user IP repository 'c:/Users/mugil/work/fpga/uart_tutorial_def/cortex_m1/arm_ip/vivado/Arm_ipi_repository'; Can't find the specified path.
If this directory should no longer be in your list of user repositories, go to the IP Settings dialog and remove it.
INFO: [IP_Flow 19-2313] Loaded Vivado IP repository 'C:/Xilinx/Vivado/2024.2/data/ip'.
open_project: Time (s): cpu = 00:00:16 ; elapsed = 00:00:10 . Memory (MB): peak = 1237.551 ; gain = 131.676
update_compile_order -fileset sources_1
reset_run synth_1
launch_runs synth_1 -jobs 6
[Thu Nov  6 18:07:10 2025] Launched synth_1...
Run output will be captured here: C:/Users/mugil/work/fpga/uart_tutorial_def/UART_controller-master/UART_controller.runs/synth_1/runme.log
launch_runs impl_1 -jobs 6
[Thu Nov  6 18:09:43 2025] Launched impl_1...
Run output will be captured here: C:/Users/mugil/work/fpga/uart_tutorial_def/UART_controller-master/UART_controller.runs/impl_1/runme.log
WARNING: [filemgmt 20-1445] Cannot import file 'C:/Users/mugil/work/fpga/uart_tutorial_def/UART_controller-master/UART_controller.srcs/sources_1/imports/UART_controller_files/UART_calculate.vhd' on top of itself. Importing a file from the imported source directory can cause this problem.
add_files -norecurse C:/Users/mugil/work/fpga/uart_tutorial_def/UART_controller-master/UART_controller.srcs/sources_1/imports/UART_controller_files/UART_calculate.vhd
update_compile_order -fileset sources_1
reset_run synth_1
launch_runs synth_1 -jobs 6
[Thu Nov  6 18:23:03 2025] Launched synth_1...
Run output will be captured here: C:/Users/mugil/work/fpga/uart_tutorial_def/UART_controller-master/UART_controller.runs/synth_1/runme.log
launch_runs impl_1 -jobs 6
[Thu Nov  6 18:24:38 2025] Launched impl_1...
Run output will be captured here: C:/Users/mugil/work/fpga/uart_tutorial_def/UART_controller-master/UART_controller.runs/impl_1/runme.log
update_compile_order -fileset sources_1
update_compile_order -fileset sources_1
WARNING: [filemgmt 56-199] Attempt to get parsing info during refresh. "On-the-fly" syntax checking information may be incorrect. [C:\Users\mugil\work\fpga\uart_tutorial_def\UART_controller-master\UART_controller.srcs\sources_1\imports\UART_controller_files\UART_calculate.vhd:]
WARNING: [filemgmt 56-199] Attempt to get parsing info during refresh. "On-the-fly" syntax checking information may be incorrect. [C:\Users\mugil\work\fpga\uart_tutorial_def\UART_controller-master\UART_controller.srcs\sources_1\imports\UART_controller_files\UART_controller.vhd:]
WARNING: [filemgmt 56-199] Attempt to get parsing info during refresh. "On-the-fly" syntax checking information may be incorrect. [C:\Users\mugil\work\fpga\uart_tutorial_def\UART_controller-master\UART_controller.srcs\sources_1\imports\UART_controller_files\UART_calculate.vhd:]
WARNING: [filemgmt 56-199] Attempt to get parsing info during refresh. "On-the-fly" syntax checking information may be incorrect. [C:\Users\mugil\work\fpga\uart_tutorial_def\UART_controller-master\UART_controller.srcs\sources_1\imports\UART_controller_files\UART_calculate.vhd:]
ERROR: [Common 17-180] Spawn failed: No error
WARNING: [filemgmt 56-199] Attempt to get parsing info during refresh. "On-the-fly" syntax checking information may be incorrect. [C:\Users\mugil\work\fpga\uart_tutorial_def\UART_controller-master\UART_controller.srcs\sources_1\imports\UART_controller_files\UART_calculate.vhd:]
WARNING: [filemgmt 56-199] Attempt to get parsing info during refresh. "On-the-fly" syntax checking information may be incorrect. [C:\Users\mugil\work\fpga\uart_tutorial_def\UART_controller-master\UART_controller.srcs\sources_1\imports\UART_controller_files\UART_controller.vhd:]
WARNING: [filemgmt 56-199] Attempt to get parsing info during refresh. "On-the-fly" syntax checking information may be incorrect. [C:\Users\mugil\work\fpga\uart_tutorial_def\UART_controller-master\UART_controller.srcs\sources_1\imports\UART_controller_files\UART_calculate.vhd:]
WARNING: [filemgmt 56-199] Attempt to get parsing info during refresh. "On-the-fly" syntax checking information may be incorrect. [C:\Users\mugil\work\fpga\uart_tutorial_def\UART_controller-master\UART_controller.srcs\sources_1\imports\UART_controller_files\UART_calculate.vhd:]
ERROR: [Common 17-180] Spawn failed: No error
reset_run synth_1
launch_runs synth_1 -jobs 6
CRITICAL WARNING: [HDL 9-1206] Syntax error near 'UART_calculater' [C:/Users/mugil/work/fpga/uart_tutorial_def/UART_controller-master/UART_controller.srcs/sources_1/imports/UART_controller_files/UART_calculate.vhd:6]
[Thu Nov  6 18:40:42 2025] Launched synth_1...
Run output will be captured here: C:/Users/mugil/work/fpga/uart_tutorial_def/UART_controller-master/UART_controller.runs/synth_1/runme.log
launch_runs impl_1 -jobs 6
[Thu Nov  6 18:41:47 2025] Launched impl_1...
Run output will be captured here: C:/Users/mugil/work/fpga/uart_tutorial_def/UART_controller-master/UART_controller.runs/impl_1/runme.log
WARNING: [filemgmt 56-199] Attempt to get parsing info during refresh. "On-the-fly" syntax checking information may be incorrect. [C:\Users\mugil\work\fpga\uart_tutorial_def\UART_controller-master\UART_controller.srcs\sources_1\imports\UART_controller_files\UART_calculate.vhd:]
WARNING: [filemgmt 56-199] Attempt to get parsing info during refresh. "On-the-fly" syntax checking information may be incorrect. [C:\Users\mugil\work\fpga\uart_tutorial_def\UART_controller-master\UART_controller.srcs\sources_1\imports\UART_controller_files\UART_controller.vhd:]
WARNING: [filemgmt 56-199] Attempt to get parsing info during refresh. "On-the-fly" syntax checking information may be incorrect. [C:\Users\mugil\work\fpga\uart_tutorial_def\UART_controller-master\UART_controller.srcs\sources_1\imports\UART_controller_files\UART_calculate.vhd:]
WARNING: [filemgmt 56-199] Attempt to get parsing info during refresh. "On-the-fly" syntax checking information may be incorrect. [C:\Users\mugil\work\fpga\uart_tutorial_def\UART_controller-master\UART_controller.srcs\sources_1\imports\UART_controller_files\UART_calculate.vhd:]
ERROR: [Common 17-180] Spawn failed: No error
WARNING: [filemgmt 56-199] Attempt to get parsing info during refresh. "On-the-fly" syntax checking information may be incorrect. [C:\Users\mugil\work\fpga\uart_tutorial_def\UART_controller-master\UART_controller.srcs\sources_1\imports\UART_controller_files\UART_calculate.vhd:]
WARNING: [filemgmt 56-199] Attempt to get parsing info during refresh. "On-the-fly" syntax checking information may be incorrect. [C:\Users\mugil\work\fpga\uart_tutorial_def\UART_controller-master\UART_controller.srcs\sources_1\imports\UART_controller_files\UART_controller.vhd:]
WARNING: [filemgmt 56-199] Attempt to get parsing info during refresh. "On-the-fly" syntax checking information may be incorrect. [C:\Users\mugil\work\fpga\uart_tutorial_def\UART_controller-master\UART_controller.srcs\sources_1\imports\UART_controller_files\UART_calculate.vhd:]
WARNING: [filemgmt 56-199] Attempt to get parsing info during refresh. "On-the-fly" syntax checking information may be incorrect. [C:\Users\mugil\work\fpga\uart_tutorial_def\UART_controller-master\UART_controller.srcs\sources_1\imports\UART_controller_files\UART_calculate.vhd:]
ERROR: [Common 17-180] Spawn failed: No error
WARNING: [filemgmt 56-199] Attempt to get parsing info during refresh. "On-the-fly" syntax checking information may be incorrect. [C:\Users\mugil\work\fpga\uart_tutorial_def\UART_controller-master\UART_controller.srcs\sources_1\imports\UART_controller_files\UART_calculate.vhd:]
WARNING: [filemgmt 56-199] Attempt to get parsing info during refresh. "On-the-fly" syntax checking information may be incorrect. [C:\Users\mugil\work\fpga\uart_tutorial_def\UART_controller-master\UART_controller.srcs\sources_1\imports\UART_controller_files\UART_controller.vhd:]
WARNING: [filemgmt 56-199] Attempt to get parsing info during refresh. "On-the-fly" syntax checking information may be incorrect. [C:\Users\mugil\work\fpga\uart_tutorial_def\UART_controller-master\UART_controller.srcs\sources_1\imports\UART_controller_files\UART_controller.vhd:]
WARNING: [filemgmt 56-199] Attempt to get parsing info during refresh. "On-the-fly" syntax checking information may be incorrect. [C:\Users\mugil\work\fpga\uart_tutorial_def\UART_controller-master\UART_controller.srcs\sources_1\imports\UART_controller_files\UART_controller.vhd:]
ERROR: [Common 17-180] Spawn failed: No error
WARNING: [filemgmt 56-199] Attempt to get parsing info during refresh. "On-the-fly" syntax checking information may be incorrect. [C:\Users\mugil\work\fpga\uart_tutorial_def\UART_controller-master\UART_controller.srcs\sources_1\imports\UART_controller_files\UART_calculate.vhd:]
WARNING: [filemgmt 56-199] Attempt to get parsing info during refresh. "On-the-fly" syntax checking information may be incorrect. [C:\Users\mugil\work\fpga\uart_tutorial_def\UART_controller-master\UART_controller.srcs\sources_1\imports\UART_controller_files\UART_controller.vhd:]
WARNING: [filemgmt 56-199] Attempt to get parsing info during refresh. "On-the-fly" syntax checking information may be incorrect. [C:\Users\mugil\work\fpga\uart_tutorial_def\UART_controller-master\UART_controller.srcs\sources_1\imports\UART_controller_files\UART_calculate.vhd:]
WARNING: [filemgmt 56-199] Attempt to get parsing info during refresh. "On-the-fly" syntax checking information may be incorrect. [C:\Users\mugil\work\fpga\uart_tutorial_def\UART_controller-master\UART_controller.srcs\sources_1\imports\UART_controller_files\UART_calculate.vhd:]
ERROR: [Common 17-180] Spawn failed: No error
WARNING: [filemgmt 56-199] Attempt to get parsing info during refresh. "On-the-fly" syntax checking information may be incorrect. [C:\Users\mugil\work\fpga\uart_tutorial_def\UART_controller-master\UART_controller.srcs\sources_1\imports\UART_controller_files\UART_calculate.vhd:]
WARNING: [filemgmt 56-199] Attempt to get parsing info during refresh. "On-the-fly" syntax checking information may be incorrect. [C:\Users\mugil\work\fpga\uart_tutorial_def\UART_controller-master\UART_controller.srcs\sources_1\imports\UART_controller_files\UART_controller.vhd:]
WARNING: [filemgmt 56-199] Attempt to get parsing info during refresh. "On-the-fly" syntax checking information may be incorrect. [C:\Users\mugil\work\fpga\uart_tutorial_def\UART_controller-master\UART_controller.srcs\sources_1\imports\UART_controller_files\UART_calculate.vhd:]
WARNING: [filemgmt 56-199] Attempt to get parsing info during refresh. "On-the-fly" syntax checking information may be incorrect. [C:\Users\mugil\work\fpga\uart_tutorial_def\UART_controller-master\UART_controller.srcs\sources_1\imports\UART_controller_files\UART_calculate.vhd:]
ERROR: [Common 17-180] Spawn failed: No error
WARNING: [filemgmt 56-199] Attempt to get parsing info during refresh. "On-the-fly" syntax checking information may be incorrect. [C:\Users\mugil\work\fpga\uart_tutorial_def\UART_controller-master\UART_controller.srcs\sources_1\imports\UART_controller_files\UART_calculate.vhd:]
WARNING: [filemgmt 56-199] Attempt to get parsing info during refresh. "On-the-fly" syntax checking information may be incorrect. [C:\Users\mugil\work\fpga\uart_tutorial_def\UART_controller-master\UART_controller.srcs\sources_1\imports\UART_controller_files\UART_controller.vhd:]
WARNING: [filemgmt 56-199] Attempt to get parsing info during refresh. "On-the-fly" syntax checking information may be incorrect. [C:\Users\mugil\work\fpga\uart_tutorial_def\UART_controller-master\UART_controller.srcs\sources_1\imports\UART_controller_files\UART_calculate.vhd:]
WARNING: [filemgmt 56-199] Attempt to get parsing info during refresh. "On-the-fly" syntax checking information may be incorrect. [C:\Users\mugil\work\fpga\uart_tutorial_def\UART_controller-master\UART_controller.srcs\sources_1\imports\UART_controller_files\UART_calculate.vhd:]
ERROR: [Common 17-180] Spawn failed: No error
WARNING: [filemgmt 56-199] Attempt to get parsing info during refresh. "On-the-fly" syntax checking information may be incorrect. [C:\Users\mugil\work\fpga\uart_tutorial_def\UART_controller-master\UART_controller.srcs\sources_1\imports\UART_controller_files\UART_calculate.vhd:]
WARNING: [filemgmt 56-199] Attempt to get parsing info during refresh. "On-the-fly" syntax checking information may be incorrect. [C:\Users\mugil\work\fpga\uart_tutorial_def\UART_controller-master\UART_controller.srcs\sources_1\imports\UART_controller_files\UART_controller.vhd:]
WARNING: [filemgmt 56-199] Attempt to get parsing info during refresh. "On-the-fly" syntax checking information may be incorrect. [C:\Users\mugil\work\fpga\uart_tutorial_def\UART_controller-master\UART_controller.srcs\sources_1\imports\UART_controller_files\UART_calculate.vhd:]
WARNING: [filemgmt 56-199] Attempt to get parsing info during refresh. "On-the-fly" syntax checking information may be incorrect. [C:\Users\mugil\work\fpga\uart_tutorial_def\UART_controller-master\UART_controller.srcs\sources_1\imports\UART_controller_files\UART_calculate.vhd:]
ERROR: [Common 17-180] Spawn failed: No error
update_compile_order -fileset sources_1
WARNING: [filemgmt 56-199] Attempt to get parsing info during refresh. "On-the-fly" syntax checking information may be incorrect. [C:\Users\mugil\work\fpga\uart_tutorial_def\UART_controller-master\UART_controller.srcs\sources_1\imports\UART_controller_files\UART_calculate.vhd:]
WARNING: [filemgmt 56-199] Attempt to get parsing info during refresh. "On-the-fly" syntax checking information may be incorrect. [C:\Users\mugil\work\fpga\uart_tutorial_def\UART_controller-master\UART_controller.srcs\sources_1\imports\UART_controller_files\UART_controller.vhd:]
WARNING: [filemgmt 56-199] Attempt to get parsing info during refresh. "On-the-fly" syntax checking information may be incorrect. [C:\Users\mugil\work\fpga\uart_tutorial_def\UART_controller-master\UART_controller.srcs\sources_1\imports\UART_controller_files\UART_calculate.vhd:]
WARNING: [filemgmt 56-199] Attempt to get parsing info during refresh. "On-the-fly" syntax checking information may be incorrect. [C:\Users\mugil\work\fpga\uart_tutorial_def\UART_controller-master\UART_controller.srcs\sources_1\imports\UART_controller_files\UART_calculate.vhd:]
ERROR: [Common 17-180] Spawn failed: No error
WARNING: [filemgmt 56-199] Attempt to get parsing info during refresh. "On-the-fly" syntax checking information may be incorrect. [C:\Users\mugil\work\fpga\uart_tutorial_def\UART_controller-master\UART_controller.srcs\sources_1\imports\UART_controller_files\UART_calculate.vhd:]
WARNING: [filemgmt 56-199] Attempt to get parsing info during refresh. "On-the-fly" syntax checking information may be incorrect. [C:\Users\mugil\work\fpga\uart_tutorial_def\UART_controller-master\UART_controller.srcs\sources_1\imports\UART_controller_files\UART_controller.vhd:]
WARNING: [filemgmt 56-199] Attempt to get parsing info during refresh. "On-the-fly" syntax checking information may be incorrect. [C:\Users\mugil\work\fpga\uart_tutorial_def\UART_controller-master\UART_controller.srcs\sources_1\imports\UART_controller_files\UART_calculate.vhd:]
WARNING: [filemgmt 56-199] Attempt to get parsing info during refresh. "On-the-fly" syntax checking information may be incorrect. [C:\Users\mugil\work\fpga\uart_tutorial_def\UART_controller-master\UART_controller.srcs\sources_1\imports\UART_controller_files\UART_calculate.vhd:]
WARNING: [filemgmt 56-199] Attempt to get parsing info during refresh. "On-the-fly" syntax checking information may be incorrect. [C:\Users\mugil\work\fpga\uart_tutorial_def\UART_controller-master\UART_controller.srcs\sources_1\imports\UART_controller_files\UART_calculate.vhd:]
WARNING: [filemgmt 56-199] Attempt to get parsing info during refresh. "On-the-fly" syntax checking information may be incorrect. [C:\Users\mugil\work\fpga\uart_tutorial_def\UART_controller-master\UART_controller.srcs\sources_1\imports\UART_controller_files\UART_controller.vhd:]
WARNING: [filemgmt 56-199] Attempt to get parsing info during refresh. "On-the-fly" syntax checking information may be incorrect. [C:\Users\mugil\work\fpga\uart_tutorial_def\UART_controller-master\UART_controller.srcs\sources_1\imports\UART_controller_files\UART_calculate.vhd:]
WARNING: [filemgmt 56-199] Attempt to get parsing info during refresh. "On-the-fly" syntax checking information may be incorrect. [C:\Users\mugil\work\fpga\uart_tutorial_def\UART_controller-master\UART_controller.srcs\sources_1\imports\UART_controller_files\UART_calculate.vhd:]
ERROR: [Common 17-180] Spawn failed: No error
WARNING: [filemgmt 56-199] Attempt to get parsing info during refresh. "On-the-fly" syntax checking information may be incorrect. [C:\Users\mugil\work\fpga\uart_tutorial_def\UART_controller-master\UART_controller.srcs\sources_1\imports\UART_controller_files\UART_calculate.vhd:]
WARNING: [filemgmt 56-199] Attempt to get parsing info during refresh. "On-the-fly" syntax checking information may be incorrect. [C:\Users\mugil\work\fpga\uart_tutorial_def\UART_controller-master\UART_controller.srcs\sources_1\imports\UART_controller_files\UART_controller.vhd:]
WARNING: [filemgmt 56-199] Attempt to get parsing info during refresh. "On-the-fly" syntax checking information may be incorrect. [C:\Users\mugil\work\fpga\uart_tutorial_def\UART_controller-master\UART_controller.srcs\sources_1\imports\UART_controller_files\UART_controller.vhd:]
WARNING: [filemgmt 56-199] Attempt to get parsing info during refresh. "On-the-fly" syntax checking information may be incorrect. [C:\Users\mugil\work\fpga\uart_tutorial_def\UART_controller-master\UART_controller.srcs\sources_1\imports\UART_controller_files\UART_controller.vhd:]
ERROR: [Common 17-180] Spawn failed: No error
reset_run synth_1
launch_runs synth_1 -jobs 6
[Thu Nov  6 18:57:28 2025] Launched synth_1...
Run output will be captured here: C:/Users/mugil/work/fpga/uart_tutorial_def/UART_controller-master/UART_controller.runs/synth_1/runme.log
exit
INFO: [Common 17-206] Exiting Vivado at Thu Nov  6 19:00:55 2025...
